  main.cpp
C:\Users\son19\Desktop\myGame\myGameServer\myGameServer\GamePlayer.h(56,20): warning C4267: '=': 'size_t'에서 'int'(으)로 변환하면서 데이터가 손실될 수 있습니다.
  (소스 파일 'main.cpp'을(를) 컴파일하는 중)
  
C:\Users\son19\Desktop\myGame\myGameServer\myGameServer\GamePlayer.h(60,20): warning C4267: '=': 'size_t'에서 'int'(으)로 변환하면서 데이터가 손실될 수 있습니다.
  (소스 파일 'main.cpp'을(를) 컴파일하는 중)
  
C:\Users\son19\Desktop\myGame\myGameServer\myGameServer\GameInfo.h(139,19): warning C4244: '인수': 'time_t'에서 'unsigned int'(으)로 변환하면서 데이터가 손실될 수 있습니다.
  (소스 파일 'main.cpp'을(를) 컴파일하는 중)
  
C:\Users\son19\Desktop\myGame\myGameServer\myGameServer\GameInfo.h(308,31): warning C4244: '인수': 'time_t'에서 'unsigned int'(으)로 변환하면서 데이터가 손실될 수 있습니다.
  (소스 파일 'main.cpp'을(를) 컴파일하는 중)
  
C:\Users\son19\Desktop\myGame\myGameServer\myGameServer\GameInfo.h(344,102): warning C4267: '인수': 'size_t'에서 'int'(으)로 변환하면서 데이터가 손실될 수 있습니다.
  (소스 파일 'main.cpp'을(를) 컴파일하는 중)
  
C:\Users\son19\Desktop\myGame\myGameServer\myGameServer\GameInfo.h(344,69): warning C4267: '인수': 'size_t'에서 'int'(으)로 변환하면서 데이터가 손실될 수 있습니다.
  (소스 파일 'main.cpp'을(를) 컴파일하는 중)
  
C:\Users\son19\Desktop\myGame\myGameServer\myGameServer\GameInfo.h(358,39): warning C4244: '인수': 'time_t'에서 'unsigned int'(으)로 변환하면서 데이터가 손실될 수 있습니다.
  (소스 파일 'main.cpp'을(를) 컴파일하는 중)
  
C:\Users\son19\Desktop\myGame\myGameServer\myGameServer\GameInfo.h(404,31): warning C4244: '인수': 'time_t'에서 'unsigned int'(으)로 변환하면서 데이터가 손실될 수 있습니다.
  (소스 파일 'main.cpp'을(를) 컴파일하는 중)
  
C:\Users\son19\Desktop\myGame\myGameServer\myGameServer\GameServer.h(110,42): warning C4244: '초기화 중': 'SOCKET'에서 'int'(으)로 변환하면서 데이터가 손실될 수 있습니다.
  (소스 파일 'main.cpp'을(를) 컴파일하는 중)
  
C:\Users\son19\Desktop\myGame\myGameServer\myGameServer\GameServer.h(245,27): warning C4267: '초기화 중': 'size_t'에서 'char'(으)로 변환하면서 데이터가 손실될 수 있습니다.
  (소스 파일 'main.cpp'을(를) 컴파일하는 중)
  
C:\Users\son19\Desktop\myGame\myGameServer\myGameServer\GameServer.h(259,33): warning C4267: '=': 'size_t'에서 'char'(으)로 변환하면서 데이터가 손실될 수 있습니다.
  (소스 파일 'main.cpp'을(를) 컴파일하는 중)
  
  LINK : C:\Users\son19\Desktop\myGame\myGameServer\x64\Debug\myGameServer.exe을(를) 찾을 수 없거나 마지막 증분 링크에 의해 빌드되지 않았습니다. 전체 링크를 수행하고 있습니다.
  myGameServer.vcxproj -> C:\Users\son19\Desktop\myGame\myGameServer\x64\Debug\myGameServer.exe
